0 info it worked if it ends with ok
1 verbose cli [ 'node', '/usr/local/bin/npm', 'install', '-g', 'karma' ]
2 info using npm@1.1.66
3 info using node@v0.8.15
4 verbose read json /usr/local/lib/package.json
5 verbose read json /usr/local/lib/package.json
6 verbose cache add [ 'karma', null ]
7 silly cache add name=undefined spec="karma" args=["karma",null]
8 verbose parsed url { pathname: 'karma', path: 'karma', href: 'karma' }
9 silly lockFile 512423cb-karma karma
10 verbose lock karma /Users/rocket/.npm/512423cb-karma.lock
11 silly lockFile 512423cb-karma karma
12 verbose addNamed [ 'karma', '' ]
13 verbose addNamed [ null, '' ]
14 silly lockFile cd7961bb-karma karma@
15 verbose lock karma@ /Users/rocket/.npm/cd7961bb-karma.lock
16 silly addNameRange { name: 'karma', range: '', hasData: false }
17 verbose url raw karma
18 verbose url resolving [ 'https://registry.npmjs.org/', './karma' ]
19 verbose url resolved https://registry.npmjs.org/karma
20 info trying registry request attempt 1 at 09:37:00
21 http GET https://registry.npmjs.org/karma
22 http 200 https://registry.npmjs.org/karma
23 silly registry.get cb [ 200,
23 silly registry.get   { vary: 'Accept',
23 silly registry.get     server: 'CouchDB/1.3.1 (Erlang OTP/R15B03)',
23 silly registry.get     etag: '"5UFO7UXOXU8MMWK2S7WB5C3AK"',
23 silly registry.get     date: 'Fri, 20 Sep 2013 23:36:54 GMT',
23 silly registry.get     'content-type': 'application/json',
23 silly registry.get     'content-length': '261818' } ]
24 silly addNameRange number 2 { name: 'karma', range: '', hasData: true }
25 silly addNameRange versions [ 'karma',
25 silly addNameRange   [ '0.8.0',
25 silly addNameRange     '0.9.0-dart',
25 silly addNameRange     '0.8.1',
25 silly addNameRange     '0.8.2',
25 silly addNameRange     '0.8.3',
25 silly addNameRange     '0.9.0',
25 silly addNameRange     '0.8.4',
25 silly addNameRange     '0.9.1',
25 silly addNameRange     '0.8.5',
25 silly addNameRange     '0.9.2',
25 silly addNameRange     '0.9.2-dart',
25 silly addNameRange     '0.9.3',
25 silly addNameRange     '0.8.6',
25 silly addNameRange     '0.9.4',
25 silly addNameRange     '0.8.7',
25 silly addNameRange     '0.9.5',
25 silly addNameRange     '0.9.6',
25 silly addNameRange     '0.8.8',
25 silly addNameRange     '0.9.7',
25 silly addNameRange     '0.9.8',
25 silly addNameRange     '0.10.0',
25 silly addNameRange     '0.10.1',
25 silly addNameRange     '0.10.2',
25 silly addNameRange     '0.11.0' ] ]
26 verbose addNamed [ 'karma', '0.10.2' ]
27 verbose addNamed [ '0.10.2', '0.10.2' ]
28 silly lockFile 81afe04f-karma-0-10-2 karma@0.10.2
29 verbose lock karma@0.10.2 /Users/rocket/.npm/81afe04f-karma-0-10-2.lock
30 silly lockFile ae089dde-npmjs-org-karma-karma-0-10-2-tgz https://registry.npmjs.org/karma/-/karma-0.10.2.tgz
31 verbose lock https://registry.npmjs.org/karma/-/karma-0.10.2.tgz /Users/rocket/.npm/ae089dde-npmjs-org-karma-karma-0-10-2-tgz.lock
32 verbose addRemoteTarball [ 'https://registry.npmjs.org/karma/-/karma-0.10.2.tgz',
32 verbose addRemoteTarball   '4e100bd346bb24a1260dcd34b5b3d2d4a9b27b17' ]
33 info retry fetch attempt 1 at 09:37:06
34 verbose fetch to= /var/folders/x5/w1vt15ns7pbg9gvtsnlbqkl40000gn/T/npm-63525/1379720226365-0.6837985769379884/tmp.tgz
35 http GET https://registry.npmjs.org/karma/-/karma-0.10.2.tgz
36 http 200 https://registry.npmjs.org/karma/-/karma-0.10.2.tgz
37 silly shasum updated bytes 40960
38 silly shasum updated bytes 40960
39 silly shasum updated bytes 40960
40 silly shasum updated bytes 40960
41 silly shasum updated bytes 40960
42 silly shasum updated bytes 40960
43 silly shasum updated bytes 40960
44 silly shasum updated bytes 40960
45 silly shasum updated bytes 40960
46 silly shasum updated bytes 40960
47 silly shasum updated bytes 40960
48 silly shasum updated bytes 40960
49 silly shasum updated bytes 40960
50 silly shasum updated bytes 40960
51 silly shasum updated bytes 40960
52 silly shasum updated bytes 40960
53 silly shasum updated bytes 40960
54 silly shasum updated bytes 24406
55 info shasum 4e100bd346bb24a1260dcd34b5b3d2d4a9b27b17
55 info shasum /var/folders/x5/w1vt15ns7pbg9gvtsnlbqkl40000gn/T/npm-63525/1379720226365-0.6837985769379884/tmp.tgz
56 verbose tar unpack /var/folders/x5/w1vt15ns7pbg9gvtsnlbqkl40000gn/T/npm-63525/1379720226365-0.6837985769379884/tmp.tgz
57 silly lockFile cbe1b574-26365-0-6837985769379884-package /var/folders/x5/w1vt15ns7pbg9gvtsnlbqkl40000gn/T/npm-63525/1379720226365-0.6837985769379884/package
58 verbose lock /var/folders/x5/w1vt15ns7pbg9gvtsnlbqkl40000gn/T/npm-63525/1379720226365-0.6837985769379884/package /Users/rocket/.npm/cbe1b574-26365-0-6837985769379884-package.lock
59 silly gunzTarPerm modes [ '755', '644' ]
60 silly gunzTarPerm extractEntry package.json
61 silly gunzTarPerm extractEntry README.md
62 silly gunzTarPerm extractEntry LICENSE
63 silly gunzTarPerm extractEntry config.tpl.js
64 silly gunzTarPerm extractEntry karma-completion.sh
65 silly gunzTarPerm extractEntry CHANGELOG.md
66 silly gunzTarPerm extractEntry bin/karma
67 silly gunzTarPerm extractEntry lib/browser.js
68 silly gunzTarPerm extractEntry lib/executor.js
69 silly gunzTarPerm extractEntry lib/file-list.js
70 silly gunzTarPerm extractEntry lib/helper.js
71 silly gunzTarPerm extractEntry lib/events.js
72 silly gunzTarPerm extractEntry lib/init.js
73 silly gunzTarPerm extractEntry lib/launcher.js
74 silly gunzTarPerm extractEntry lib/cli.js
75 silly gunzTarPerm extractEntry lib/logger.js
76 silly gunzTarPerm extractEntry lib/server.js
77 silly gunzTarPerm extractEntry lib/constants.js
78 silly gunzTarPerm extractEntry lib/plugin.js
79 silly gunzTarPerm extractEntry lib/config.js
80 silly gunzTarPerm extractEntry lib/preprocessor.js
81 silly gunzTarPerm extractEntry lib/completion.js
82 silly gunzTarPerm extractEntry lib/reporter.js
83 silly gunzTarPerm extractEntry lib/watcher.js
84 silly gunzTarPerm extractEntry lib/runner.js
85 silly gunzTarPerm extractEntry lib/index.js
86 silly gunzTarPerm extractEntry lib/web-server.js
87 silly gunzTarPerm extractEntry lib/reporters/Base.js
88 silly gunzTarPerm extractEntry lib/reporters/BaseColor.js
89 silly gunzTarPerm extractEntry lib/reporters/Dots.js
90 silly gunzTarPerm extractEntry lib/reporters/DotsColor.js
91 silly gunzTarPerm extractEntry lib/reporters/Multi.js
92 silly gunzTarPerm extractEntry lib/reporters/Progress.js
93 silly gunzTarPerm extractEntry lib/reporters/ProgressColor.js
94 silly gunzTarPerm extractEntry lib/runner.js.orig
95 silly gunzTarPerm extractEntry lib/middleware/common.js
96 silly gunzTarPerm extractEntry lib/middleware/karma.js
97 silly gunzTarPerm extractEntry lib/middleware/proxy.js
98 silly gunzTarPerm extractEntry lib/middleware/runner.js
99 silly gunzTarPerm extractEntry lib/middleware/source-files.js
100 silly gunzTarPerm extractEntry lib/server.js.orig
101 silly gunzTarPerm extractEntry lib/cli.js.orig
102 silly gunzTarPerm extractEntry lib/launchers/Base.js
103 silly gunzTarPerm extractEntry config.tpl.coffee
104 silly gunzTarPerm extractEntry static/karma.js
105 silly gunzTarPerm extractEntry static/client.html
106 silly gunzTarPerm extractEntry static/context.html
107 silly gunzTarPerm extractEntry static/debug.html
108 silly gunzTarPerm extractEntry test-results.xml
109 silly gunzTarPerm extractEntry thesis.pdf
110 verbose read json /var/folders/x5/w1vt15ns7pbg9gvtsnlbqkl40000gn/T/npm-63525/1379720226365-0.6837985769379884/package/package.json
111 silly lockFile cbe1b574-26365-0-6837985769379884-package /var/folders/x5/w1vt15ns7pbg9gvtsnlbqkl40000gn/T/npm-63525/1379720226365-0.6837985769379884/package
112 verbose from cache /var/folders/x5/w1vt15ns7pbg9gvtsnlbqkl40000gn/T/npm-63525/1379720226365-0.6837985769379884/package/package.json
113 verbose tar pack [ '/Users/rocket/.npm/karma/0.10.2/package.tgz',
113 verbose tar pack   '/var/folders/x5/w1vt15ns7pbg9gvtsnlbqkl40000gn/T/npm-63525/1379720226365-0.6837985769379884/package' ]
114 verbose tarball /Users/rocket/.npm/karma/0.10.2/package.tgz
115 verbose folder /var/folders/x5/w1vt15ns7pbg9gvtsnlbqkl40000gn/T/npm-63525/1379720226365-0.6837985769379884/package
116 silly lockFile 028462b0-ket-npm-karma-0-10-2-package-tgz /Users/rocket/.npm/karma/0.10.2/package.tgz
117 verbose lock /Users/rocket/.npm/karma/0.10.2/package.tgz /Users/rocket/.npm/028462b0-ket-npm-karma-0-10-2-package-tgz.lock
118 silly lockFile 028462b0-ket-npm-karma-0-10-2-package-tgz /Users/rocket/.npm/karma/0.10.2/package.tgz
119 silly lockFile 511998ff--rocket-npm-karma-0-10-2-package /Users/rocket/.npm/karma/0.10.2/package
120 verbose lock /Users/rocket/.npm/karma/0.10.2/package /Users/rocket/.npm/511998ff--rocket-npm-karma-0-10-2-package.lock
121 silly lockFile 511998ff--rocket-npm-karma-0-10-2-package /Users/rocket/.npm/karma/0.10.2/package
122 verbose tar unpack /Users/rocket/.npm/karma/0.10.2/package.tgz
123 silly lockFile 511998ff--rocket-npm-karma-0-10-2-package /Users/rocket/.npm/karma/0.10.2/package
124 verbose lock /Users/rocket/.npm/karma/0.10.2/package /Users/rocket/.npm/511998ff--rocket-npm-karma-0-10-2-package.lock
125 silly gunzTarPerm modes [ '755', '644' ]
126 silly gunzTarPerm extractEntry package.json
127 silly gunzTarPerm extractEntry README.md
128 silly gunzTarPerm extractEntry LICENSE
129 silly gunzTarPerm extractEntry config.tpl.js
130 silly gunzTarPerm extractEntry karma-completion.sh
131 silly gunzTarPerm extractEntry lib/browser.js
132 silly gunzTarPerm extractEntry lib/executor.js
133 silly gunzTarPerm extractEntry lib/file-list.js
134 silly gunzTarPerm extractEntry lib/helper.js
135 silly gunzTarPerm extractEntry lib/events.js
136 silly gunzTarPerm extractEntry lib/init.js
137 silly gunzTarPerm extractEntry lib/launcher.js
138 silly gunzTarPerm extractEntry lib/cli.js
139 silly gunzTarPerm extractEntry lib/logger.js
140 silly gunzTarPerm extractEntry lib/server.js
141 silly gunzTarPerm extractEntry lib/constants.js
142 silly gunzTarPerm extractEntry lib/plugin.js
143 silly gunzTarPerm extractEntry lib/config.js
144 silly gunzTarPerm extractEntry lib/preprocessor.js
145 silly gunzTarPerm extractEntry lib/completion.js
146 silly gunzTarPerm extractEntry lib/reporter.js
147 silly gunzTarPerm extractEntry lib/watcher.js
148 silly gunzTarPerm extractEntry lib/runner.js
149 silly gunzTarPerm extractEntry lib/index.js
150 silly gunzTarPerm extractEntry lib/web-server.js
151 silly gunzTarPerm extractEntry lib/reporters/Base.js
152 silly gunzTarPerm extractEntry lib/reporters/BaseColor.js
153 silly gunzTarPerm extractEntry lib/reporters/Dots.js
154 silly gunzTarPerm extractEntry lib/reporters/DotsColor.js
155 silly gunzTarPerm extractEntry lib/reporters/Multi.js
156 silly gunzTarPerm extractEntry lib/reporters/Progress.js
157 silly gunzTarPerm extractEntry lib/reporters/ProgressColor.js
158 silly gunzTarPerm extractEntry lib/runner.js.orig
159 silly gunzTarPerm extractEntry lib/middleware/common.js
160 silly gunzTarPerm extractEntry lib/middleware/karma.js
161 silly gunzTarPerm extractEntry lib/middleware/proxy.js
162 silly gunzTarPerm extractEntry lib/middleware/runner.js
163 silly gunzTarPerm extractEntry lib/middleware/source-files.js
164 silly gunzTarPerm extractEntry lib/server.js.orig
165 silly gunzTarPerm extractEntry lib/cli.js.orig
166 silly gunzTarPerm extractEntry lib/launchers/Base.js
167 silly gunzTarPerm extractEntry CHANGELOG.md
168 silly gunzTarPerm extractEntry config.tpl.coffee
169 silly gunzTarPerm extractEntry bin/karma
170 silly gunzTarPerm extractEntry static/karma.js
171 silly gunzTarPerm extractEntry static/client.html
172 silly gunzTarPerm extractEntry static/context.html
173 silly gunzTarPerm extractEntry static/debug.html
174 silly gunzTarPerm extractEntry test-results.xml
175 silly gunzTarPerm extractEntry thesis.pdf
176 verbose read json /Users/rocket/.npm/karma/0.10.2/package/package.json
177 silly lockFile 511998ff--rocket-npm-karma-0-10-2-package /Users/rocket/.npm/karma/0.10.2/package
178 silly shasum updated bytes 40960
179 silly shasum updated bytes 40960
180 silly shasum updated bytes 40960
181 silly shasum updated bytes 40960
182 silly shasum updated bytes 40960
183 silly shasum updated bytes 40960
184 silly shasum updated bytes 40960
185 silly shasum updated bytes 40960
186 silly shasum updated bytes 40960
187 silly shasum updated bytes 40960
188 silly shasum updated bytes 40960
189 silly shasum updated bytes 40960
190 silly shasum updated bytes 40960
191 silly shasum updated bytes 40960
192 silly shasum updated bytes 40960
193 silly shasum updated bytes 40960
194 silly shasum updated bytes 40960
195 silly shasum updated bytes 24620
196 info shasum 82976ae56406442ee12c6ab0772ee0f63f129a06
196 info shasum /Users/rocket/.npm/karma/0.10.2/package.tgz
197 verbose from cache /Users/rocket/.npm/karma/0.10.2/package/package.json
198 verbose chmod /Users/rocket/.npm/karma/0.10.2/package.tgz 644
199 verbose chown /Users/rocket/.npm/karma/0.10.2/package.tgz [ 501, 20 ]
200 silly lockFile ae089dde-npmjs-org-karma-karma-0-10-2-tgz https://registry.npmjs.org/karma/-/karma-0.10.2.tgz
201 silly lockFile 81afe04f-karma-0-10-2 karma@0.10.2
202 silly lockFile cd7961bb-karma karma@
203 silly resolved [ { name: 'karma',
203 silly resolved     description: 'Spectacular Test Runner for JavaScript.',
203 silly resolved     homepage: 'http://karma-runner.github.io/',
203 silly resolved     repository: { type: 'git', url: 'git://github.com/karma-runner/karma.git' },
203 silly resolved     bugs: { url: 'https://github.com/karma-runner/karma/issues' },
203 silly resolved     keywords:
203 silly resolved      [ 'karma',
203 silly resolved        'spectacular',
203 silly resolved        'runner',
203 silly resolved        'karma',
203 silly resolved        'js',
203 silly resolved        'javascript',
203 silly resolved        'testing',
203 silly resolved        'test',
203 silly resolved        'remote',
203 silly resolved        'execution' ],
203 silly resolved     author: { name: 'Vojta Jína', email: 'vojta.jina@gmail.com' },
203 silly resolved     contributors:
203 silly resolved      [ [Object],
203 silly resolved        [Object],
203 silly resolved        [Object],
203 silly resolved        [Object],
203 silly resolved        [Object],
203 silly resolved        [Object],
203 silly resolved        [Object],
203 silly resolved        [Object],
203 silly resolved        [Object],
203 silly resolved        [Object],
203 silly resolved        [Object],
203 silly resolved        [Object],
203 silly resolved        [Object],
203 silly resolved        [Object],
203 silly resolved        [Object],
203 silly resolved        [Object],
203 silly resolved        [Object],
203 silly resolved        [Object],
203 silly resolved        [Object],
203 silly resolved        [Object],
203 silly resolved        [Object],
203 silly resolved        [Object],
203 silly resolved        [Object],
203 silly resolved        [Object],
203 silly resolved        [Object],
203 silly resolved        [Object],
203 silly resolved        [Object],
203 silly resolved        [Object],
203 silly resolved        [Object],
203 silly resolved        [Object],
203 silly resolved        [Object],
203 silly resolved        [Object],
203 silly resolved        [Object],
203 silly resolved        [Object],
203 silly resolved        [Object],
203 silly resolved        [Object],
203 silly resolved        [Object],
203 silly resolved        [Object],
203 silly resolved        [Object],
203 silly resolved        [Object],
203 silly resolved        [Object],
203 silly resolved        [Object],
203 silly resolved        [Object],
203 silly resolved        [Object],
203 silly resolved        [Object],
203 silly resolved        [Object],
203 silly resolved        [Object],
203 silly resolved        [Object],
203 silly resolved        [Object],
203 silly resolved        [Object],
203 silly resolved        [Object],
203 silly resolved        [Object],
203 silly resolved        [Object],
203 silly resolved        [Object],
203 silly resolved        [Object],
203 silly resolved        [Object],
203 silly resolved        [Object],
203 silly resolved        [Object],
203 silly resolved        [Object],
203 silly resolved        [Object],
203 silly resolved        [Object],
203 silly resolved        [Object] ],
203 silly resolved     dependencies:
203 silly resolved      { di: '~0.0.1',
203 silly resolved        'socket.io': '~0.9.13',
203 silly resolved        chokidar: '~0.6',
203 silly resolved        glob: '~3.1.21',
203 silly resolved        minimatch: '~0.2',
203 silly resolved        'http-proxy': '~0.10',
203 silly resolved        optimist: '~0.3',
203 silly resolved        'coffee-script': '~1.6',
203 silly resolved        rimraf: '~2.1',
203 silly resolved        q: '~0.9',
203 silly resolved        colors: '0.6.0-1',
203 silly resolved        lodash: '~1.1',
203 silly resolved        mime: '~1.2',
203 silly resolved        log4js: '~0.6.3',
203 silly resolved        useragent: '~2.0.4',
203 silly resolved        'graceful-fs': '~1.2.1',
203 silly resolved        connect: '~2.8.4' },
203 silly resolved     peerDependencies:
203 silly resolved      { 'karma-jasmine': '*',
203 silly resolved        'karma-requirejs': '*',
203 silly resolved        'karma-coffee-preprocessor': '*',
203 silly resolved        'karma-html2js-preprocessor': '*',
203 silly resolved        'karma-chrome-launcher': '*',
203 silly resolved        'karma-firefox-launcher': '*',
203 silly resolved        'karma-phantomjs-launcher': '*',
203 silly resolved        'karma-script-launcher': '*' },
203 silly resolved     devDependencies:
203 silly resolved      { grunt: '~0.4',
203 silly resolved        'grunt-simple-mocha': 'git://github.com/yaymukund/grunt-simple-mocha.git',
203 silly resolved        'grunt-contrib-jshint': '~0.3',
203 silly resolved        'grunt-coffeelint': '~0.0.6',
203 silly resolved        'grunt-npm': '~0.0.1',
203 silly resolved        'grunt-bump': '~0.0.10',
203 silly resolved        'grunt-conventional-changelog': '~1.0.0',
203 silly resolved        'grunt-auto-release': '~0.0.3',
203 silly resolved        mocks: '~0.0.10',
203 silly resolved        which: '~1.0',
203 silly resolved        'sinon-chai': '~2.3',
203 silly resolved        chai: '~1.5',
203 silly resolved        mocha: '~1.8',
203 silly resolved        sinon: '~1.6',
203 silly resolved        'timer-shim': '~0.2',
203 silly resolved        'chai-as-promised': '~3.2',
203 silly resolved        qq: '~0.3',
203 silly resolved        'karma-jasmine': '*',
203 silly resolved        'karma-mocha': '*',
203 silly resolved        'karma-qunit': '*',
203 silly resolved        'karma-coverage': '*',
203 silly resolved        'karma-requirejs': '*',
203 silly resolved        'karma-growl-reporter': '*',
203 silly resolved        'karma-junit-reporter': '*',
203 silly resolved        'karma-chrome-launcher': '*',
203 silly resolved        'karma-firefox-launcher': '*',
203 silly resolved        'karma-sauce-launcher': '*',
203 silly resolved        'karma-phantomjs-launcher': '*',
203 silly resolved        'karma-ng-scenario': '*',
203 silly resolved        'karma-coffee-preprocessor': '*',
203 silly resolved        'karma-html2js-preprocessor': '*',
203 silly resolved        'karma-browserstack-launcher': 'git://github.com/karma-runner/karma-browserstack-launcher.git',
203 silly resolved        semver: '~1.1.4',
203 silly resolved        'grunt-contrib-watch': '~0.5.0' },
203 silly resolved     main: './lib/index',
203 silly resolved     bin: { karma: './bin/karma' },
203 silly resolved     engines: { node: '~0.8 || ~0.10' },
203 silly resolved     version: '0.10.2',
203 silly resolved     readme: '# Karma [![Build Status](https://secure.travis-ci.org/karma-runner/karma.png?branch=master)](http://travis-ci.org/karma-runner/karma)\n\nA simple tool that allows you to execute JavaScript code in multiple\n_real_ browsers, powered by [Node.js] and [Socket.io].\n\n> The main purpose of Karma is to make your TDD development easy,\n>  fast, and fun.\n\n## When should I use Karma?\n\n* You want to test code in *real* browsers.\n* You want to test code in multiple browsers (desktop, mobile,\n  tablets, etc.).\n* You want to execute your tests locally during development.\n* You want to execute your tests on a continuous integration server.\n* You want to execute your tests on every save.\n* You love your terminal.\n* You don\'t want your (testing) life to suck.\n* You want to use [Istanbul] to automagically generate coverage\n  reports.\n* You want to use [RequireJS] for your source files.\n\n\n## But I still want to use \\_insert testing library\\_\n\nKarma is not a testing framework, neither an assertion library,\nso for that you can use pretty much anything you like. Right now out\nof the box there is support for\n\n* [Mocha]\n* [Jasmine]\n* [QUnit]\n* \\_anything else\\_ Write your own adapter. It\'s not that hard. And we\n  are here to help.\n\n\n## Which Browsers can I use?\n\nAll the major browsers are supported, if you want to know more see the\n[Browsers] page.\n\n\n## I want to use it. Where do I sign?\n\nYou don\'t need to sign anything but here are some resources to help\nyou to get started. And if you need even more infos have a look at our\ngreat [website].\n\n### Obligatory Screencast.\n\nEvery serious project has a screencast, so here is ours.  Just click\n[here] and let the show begin.\n\n### NPM Installation.\n\nIf you have [Node.js] installed, it\'s as simple as\n\n```bash\n$ npm install -g karma\n```\n\nThis will give you the latest stable version available on npm. If you\nwant to live life on the edge you can do so by\n\n```bash\n$ npm install -g karma@canary\n```\n\nThe curious can have a look at the documentation articles for\n[Getting Started] and [Versioning].\n\n### Using it.\n\nGo into your project and create a Karma configuration. That is\njust a simple JavaScript or CoffeeScript file that tells Karma\nwhere all the awesomeness of your project are.\n\nYou can find a simple example in\n[test/client/karma.conf.js](https://github.com/karma-runner/karma/blob/master/test/client/karma.conf.js)\nwhich contains most of the options.\n\nTo create your own from scratch there is the `init` command, which\nwill be named `karma.conf.js` by default:\n\n```bash\n$ karma init\n```\nThis will ask you many questions and if you answered them all correct\nyou will be allowed to use Karma.\n\nFor more information on the configuration options see\n[Configuration File Overview].\n\nNow that you have your configuration all that is left to do is to\nstart Karma:\n```bash\n$ karma start\n```\n\nIf you want to run tests manually (without auto watching file changes), you can:\n```bash\n$ karma run\n```\nBut only if you have started the Karma server before.\n\n\n## Why did you create this?\n\nThroughout the development of [AngularJS], we\'ve been using [JSTD] for\ntesting. I really think that JSTD is a great idea. Unfortunately, we\nhad many problems with JSTD, so we decided to write our own test\nrunner based on the same idea. We wanted a simple tool just for\nexecuting JavaScript tests that is both stable and fast. That\'s why we\nuse the awesome [Socket.io] library and [Node.js].\n\n\n## I still don\'t get it. Where can I get help?\n\n* [Docs]\n* [Mailing List]\n* [Issuetracker]\n* [@JsKarma] on Twitter\n\n## This is so great. I want to help.\n\nSee\n[Contributing.md](https://github.com/karma-runner/karma/blob/master/CONTRIBUTING.md)\nor the [docs] for more information.\n\n\n## My boss wants a license. So where is it?\n\n### The MIT License\n\n> Copyright (C) 2011-2013 Vojta Jína.\n>\n> Permission is hereby granted, free of charge, to any person\n> obtaining a copy of this software and associated documentation files\n> (the "Software"), to deal in the Software without restriction,\n> including without limitation the rights to use, copy, modify, merge,\n> publish, distribute, sublicense, and/or sell copies of the Software,\n> and to permit persons to whom the Software is furnished to do so,\n> subject to the following conditions:\n>\n> The above copyright notice and this permission notice shall be\n> included in all copies or substantial portions of the Software.\n>\n> THE SOFTWARE IS PROVIDED "AS IS", WITHOUT WARRANTY OF ANY KIND,\n> EXPRESS OR IMPLIED, INCLUDING BUT NOT LIMITED TO THE WARRANTIES OF\n> MERCHANTABILITY, FITNESS FOR A PARTICULAR PURPOSE AND\n> NONINFRINGEMENT. IN NO EVENT SHALL THE AUTHORS OR COPYRIGHT HOLDERS\n> BE LIABLE FOR ANY CLAIM, DAMAGES OR OTHER LIABILITY, WHETHER IN AN\n> ACTION OF CONTRACT, TORT OR OTHERWISE, ARISING FROM, OUT OF OR IN\n> CONNECTION WITH THE SOFTWARE OR THE USE OR OTHER DEALINGS IN THE\n> SOFTWARE.\n\n\n\n[AngularJS]: http://angularjs.org/\n[JSTD]: http://code.google.com/p/js-test-driver/\n[Socket.io]: http://socket.io/\n[Node.js]: http://nodejs.org/\n[Jasmine]: http://pivotal.github.io/jasmine/\n[Mocha]: http://visionmedia.github.io/mocha/\n[QUnit]: http://qunitjs.com/\n[here]: http://www.youtube.com/watch?v=MVw8N3hTfCI\n[Mailing List]: https://groups.google.com/forum/#!forum/karma-users\n[Issuetracker]: https://github.com/karma-runner/karma/issues\n[@JsKarma]: http://twitter.com/JsKarma\n[RequireJS]: http://requirejs.org/\n[Istanbul]: https://github.com/gotwarlost/istanbul\n\n[Browsers]: http://karma-runner.github.io/0.8/config/browsers.html\n[Versioning]: http://karma-runner.github.io/0.8/about/versioning.html\n[Configuration File Overview]: http://karma-runner.github.io/0.8/config/configuration-file.html\n[docs]: http://karma-runner.github.io\n[Docs]: http://karma-runner.github.io\n[website]: http://karma-runner.github.io\n',
203 silly resolved     readmeFilename: 'README.md',
203 silly resolved     _id: 'karma@0.10.2',
203 silly resolved     dist: { shasum: '82976ae56406442ee12c6ab0772ee0f63f129a06' },
203 silly resolved     _from: 'karma' } ]
204 info install karma@0.10.2 into /usr/local/lib
205 info installOne karma@0.10.2
206 verbose from cache /Users/rocket/.npm/karma/0.10.2/package/package.json
207 info /usr/local/lib/node_modules/karma unbuild
208 verbose read json /usr/local/lib/node_modules/karma/package.json
209 verbose tar unpack /Users/rocket/.npm/karma/0.10.2/package.tgz
210 silly lockFile dbe64a29-usr-local-lib-node-modules-karma /usr/local/lib/node_modules/karma
211 verbose lock /usr/local/lib/node_modules/karma /Users/rocket/.npm/dbe64a29-usr-local-lib-node-modules-karma.lock
212 silly gunzTarPerm modes [ '755', '644' ]
213 error Error: EACCES, mkdir '/usr/local/lib/node_modules/karma'
213 error  { [Error: EACCES, mkdir '/usr/local/lib/node_modules/karma']
213 error   errno: 3,
213 error   code: 'EACCES',
213 error   path: '/usr/local/lib/node_modules/karma',
213 error   fstream_type: 'Directory',
213 error   fstream_path: '/usr/local/lib/node_modules/karma',
213 error   fstream_class: 'DirWriter',
213 error   fstream_stack:
213 error    [ 'DirWriter._create (/usr/local/lib/node_modules/npm/node_modules/fstream/lib/dir-writer.js:36:23)',
213 error      '/usr/local/lib/node_modules/npm/node_modules/mkdirp/index.js:37:53',
213 error      'Object.oncomplete (fs.js:297:15)' ] }
214 error Please try running this command again as root/Administrator.
215 error System Darwin 12.4.0
216 error command "node" "/usr/local/bin/npm" "install" "-g" "karma"
217 error cwd /Users/rocket/Development/qpair
218 error node -v v0.8.15
219 error npm -v 1.1.66
220 error path /usr/local/lib/node_modules/karma
221 error fstream_path /usr/local/lib/node_modules/karma
222 error fstream_type Directory
223 error fstream_class DirWriter
224 error code EACCES
225 error errno 3
226 error stack Error: EACCES, mkdir '/usr/local/lib/node_modules/karma'
227 error fstream_stack DirWriter._create (/usr/local/lib/node_modules/npm/node_modules/fstream/lib/dir-writer.js:36:23)
227 error fstream_stack /usr/local/lib/node_modules/npm/node_modules/mkdirp/index.js:37:53
227 error fstream_stack Object.oncomplete (fs.js:297:15)
228 verbose exit [ 3, true ]
